<?xml version="1.0" encoding="UTF-8"?>
<testsuite name="ru.stqa.sandbox.SquareTests" tests="1" skipped="0" failures="0" errors="0" timestamp="2021-08-09T19:39:49" hostname="NATALIA-NOTE" time="0.008">
  <properties/>
  <testcase name="testArea" classname="ru.stqa.sandbox.SquareTests" time="0.008"/>
  <system-out><![CDATA[]]></system-out>
  <system-err><![CDATA[]]></system-err>
</testsuite>
