<?xml version="1.0" encoding="UTF-8"?>
<testsuite name="ru.stqa.marketplaceWebTests.Tests.ChoosingGood" tests="1" skipped="0" failures="0" errors="0" timestamp="2021-09-13T16:53:12" hostname="NATALIA-NOTE" time="12.006">
  <properties/>
  <testcase name="testChoosingGood" classname="ru.stqa.marketplaceWebTests.Tests.ChoosingGood" time="12.006"/>
  <system-out><![CDATA[по популярности
...
	 Window ID 2: 	CDwindow-036FFC66BC2E691CDBD97B088B2757F2
 	 URL: 	 	https://market.yandex.ru/product--smartfon-xiaomi-redmi-9-4-64gb-nfc/665306172?cpc=CkhP2bF3JvvO41R63wUxXNa1SgWB0rZkqNZ1JJrjC2qITCvTsuqXyHMGOpGh3JwKxUP54BWH-aHW5PoTuuVHqAlwp6bPcby87jj37z28IiLRzlo-RpBV1J7JoSpWQtPOnqWoO_0PKRvwQ5xzFWrZgWTkqecGXigAUAZBkOnFwavBC5zvUaZHNw%2C%2C&sku=100956434277&do-waremd5=ncSDoSun-VcYf1_4qqSHyw&cpa=1&glfilter=14871214%3A14896295_100956434277&nid=54726
 	 Title: 	 	Смартфон Xiaomi Redmi 9 4/64GB (NFC) — купить по выгодной цене на Яндекс.Маркете
Характеристики
]]></system-out>
  <system-err><![CDATA[Starting ChromeDriver 92.0.4515.107 (87a818b10553a07434ea9e2b6dccf3cbe7895134-refs/branch-heads/4515@{#1634}) on port 37845
Only local connections are allowed.
Please see https://chromedriver.chromium.org/security-considerations for suggestions on keeping ChromeDriver safe.
ChromeDriver was started successfully.
[1631551982.739][SEVERE]: connect failed: 10013
сент. 13, 2021 7:53:03 PM org.openqa.selenium.remote.ProtocolHandshake createSession
INFO: Detected dialect: W3C
]]></system-err>
</testsuite>
