<?xml version="1.0" encoding="UTF-8"?>
<testsuite name="ru.stqa.marketplaceWebTests.MarketWebTests" tests="1" skipped="0" failures="0" errors="0" timestamp="2021-09-08T13:24:04" hostname="NATALIA-NOTE" time="16.326">
  <properties/>
  <testcase name="testMarketWeb" classname="ru.stqa.marketplaceWebTests.MarketWebTests" time="16.326"/>
  <system-out><![CDATA[]]></system-out>
  <system-err><![CDATA[Starting ChromeDriver 92.0.4515.107 (87a818b10553a07434ea9e2b6dccf3cbe7895134-refs/branch-heads/4515@{#1634}) on port 34426
Only local connections are allowed.
Please see https://chromedriver.chromium.org/security-considerations for suggestions on keeping ChromeDriver safe.
ChromeDriver was started successfully.
сент. 08, 2021 4:22:55 PM org.openqa.selenium.remote.ProtocolHandshake createSession
INFO: Detected dialect: W3C
]]></system-err>
</testsuite>
