<?xml version="1.0" encoding="UTF-8"?>
<testsuite name="ru.stqa.marketplaceWebTests.Tests.SortingGoods" tests="1" skipped="0" failures="0" errors="0" timestamp="2021-09-10T12:17:34" hostname="NATALIA-NOTE" time="17.329">
  <properties/>
  <testcase name="testSearchAndSort" classname="ru.stqa.marketplaceWebTests.Tests.SortingGoods" time="17.329"/>
  <system-out><![CDATA[по цене
]]></system-out>
  <system-err><![CDATA[Starting ChromeDriver 92.0.4515.107 (87a818b10553a07434ea9e2b6dccf3cbe7895134-refs/branch-heads/4515@{#1634}) on port 19472
Only local connections are allowed.
Please see https://chromedriver.chromium.org/security-considerations for suggestions on keeping ChromeDriver safe.
ChromeDriver was started successfully.
[1631276201.380][SEVERE]: connect failed: 10013
сент. 10, 2021 3:16:47 PM org.openqa.selenium.remote.ProtocolHandshake createSession
INFO: Detected dialect: W3C
]]></system-err>
</testsuite>
