<?xml version="1.0" encoding="UTF-8"?>
<testsuite name="ru.stqa.marketplaceWebTests.MarketWebTests" tests="1" skipped="0" failures="0" errors="0" timestamp="2021-09-01T19:46:59" hostname="NATALIA-NOTE" time="12.951">
  <properties/>
  <testcase name="testMarketWeb" classname="ru.stqa.marketplaceWebTests.MarketWebTests" time="12.951"/>
  <system-out><![CDATA[по цене
]]></system-out>
  <system-err><![CDATA[Starting ChromeDriver 92.0.4515.107 (87a818b10553a07434ea9e2b6dccf3cbe7895134-refs/branch-heads/4515@{#1634}) on port 40153
Only local connections are allowed.
Please see https://chromedriver.chromium.org/security-considerations for suggestions on keeping ChromeDriver safe.
ChromeDriver was started successfully.
[1630525510.157][SEVERE]: connect failed: 10013
сент. 01, 2021 10:45:23 PM org.openqa.selenium.remote.ProtocolHandshake createSession
INFO: Detected dialect: W3C
]]></system-err>
</testsuite>
