<?xml version="1.0" encoding="UTF-8"?>
<testsuite name="ru.stqa.marketplaceWebTests.ChoosingGood" tests="1" skipped="0" failures="0" errors="0" timestamp="2021-09-03T21:33:40" hostname="NATALIA-NOTE" time="31.265">
  <properties/>
  <testcase name="testChoosingGood" classname="ru.stqa.marketplaceWebTests.ChoosingGood" time="31.265"/>
  <system-out><![CDATA[Home Page Window ID: CDwindow-C98C25DA2F3AD20AEEAB211CEA03820F

Windows Open After Clicking The Link via Home Page: 2

allHandles= class java.util.LinkedHashSet
	 Window ID 1: 	CDwindow-C98C25DA2F3AD20AEEAB211CEA03820F
 	 URL: 	 	https://market.yandex.ru/catalog--smartfony/54726/list?cpa=1&hid=91491&rs=eJwzYgpgBAABcwCG&suggest_text=%D0%9C%D0%BE%D0%B1%D0%B8%D0%BB%D1%8C%D0%BD%D1%8B%D0%B5%20%D1%82%D0%B5%D0%BB%D0%B5%D1%84%D0%BE%D0%BD%D1%8B&suggest=1&suggest_type=category&was_redir=1&rt=12&onstock=1&local-offers-first=0
 	 Title: 	 	Мобильные телефоны — купить на Яндекс.Маркете
	 Window ID 2: 	CDwindow-9C88D7900FC65F8379BE2FBAD660316B
 	 URL: 	 	https://market.yandex.ru/product--smartfon-xiaomi-redmi-9-4-64gb-nfc/665306172?cpc=uNeScUsfVrRMkhTDaT_xWUNo9z48aM7UtKfD7uV-ov_v5dVu0gHNit1gs4xn9PHSm6RubDUCZV-rXtPCatmzqVVm3L0a1nZpZX7mYfyJ1vxGoH_d1OlDjDs-DAVvqaLYeH8PoG14TDMT5VlORraeCiQ2sKZky1T8AB29j_R0AKfKNKgunL7Z4wp0ILUlgP7h&sku=100956434277&do-waremd5=k1Y5aHe-Rd8dQ2qzo8ke2w&cpa=1&glfilter=14871214%3A14896295_100956434277&nid=54726
 	 Title: 	 	Смартфон Xiaomi Redmi 9 4/64GB (NFC) — купить по выгодной цене на Яндекс.Маркете
Характеристики
]]></system-out>
  <system-err><![CDATA[Starting ChromeDriver 92.0.4515.107 (87a818b10553a07434ea9e2b6dccf3cbe7895134-refs/branch-heads/4515@{#1634}) on port 19313
Only local connections are allowed.
Please see https://chromedriver.chromium.org/security-considerations for suggestions on keeping ChromeDriver safe.
ChromeDriver was started successfully.
сент. 04, 2021 12:33:29 AM org.openqa.selenium.remote.ProtocolHandshake createSession
INFO: Detected dialect: W3C
]]></system-err>
</testsuite>
